\BOOKMARK [0][-]{chapter*.1}{\376\377\000I\000n\000t\000r\000o\000d\000u\000z\000i\000o\000n\000e}{}% 1
\BOOKMARK [0][-]{chapter.1}{\376\377\000N\000u\000m\000e\000r\000i\000\040\000c\000a\000s\000u\000a\000l\000i}{}% 2
\BOOKMARK [1][-]{subsection.1.0.1}{\376\377\000I\000n\000t\000r\000o\000d\000u\000z\000i\000o\000n\000e}{chapter.1}% 3
\BOOKMARK [2][-]{subsection.1.0.2}{\376\377\000G\000e\000n\000e\000r\000a\000t\000o\000r\000i\000\040\000c\000o\000n\000g\000r\000u\000e\000n\000z\000i\000a\000l\000i\000\040\000l\000i\000n\000e\000a\000r\000i}{subsection.1.0.1}% 4
\BOOKMARK [2][-]{subsection.1.0.3}{\376\377\000C\000o\000m\000b\000i\000n\000a\000z\000i\000o\000n\000e\000\040\000d\000i\000\040\000g\000e\000n\000e\000r\000a\000t\000o\000r\000i}{subsection.1.0.1}% 5
\BOOKMARK [2][-]{subsection.1.0.4}{\376\377\000G\000e\000n\000e\000r\000a\000t\000o\000r\000i\000\040\000b\000a\000s\000a\000t\000i\000\040\000s\000u\000\040\000s\000i\000s\000t\000e\000m\000i\000\040\000c\000a\000o\000t\000i\000c\000i}{subsection.1.0.1}% 6
\BOOKMARK [2][-]{subsection.1.0.5}{\376\377\000G\000e\000n\000e\000r\000a\000t\000o\000r\000i\000\040\000c\000o\000m\000e\000\040\000s\000i\000s\000t\000e\000m\000i\000\040\000d\000i\000n\000a\000m\000i\000c\000i\000\040\000a\000\040\000m\000o\000l\000t\000i\000\040\000s\000t\000a\000t\000i}{subsection.1.0.1}% 7
\BOOKMARK [1][-]{section.1.1}{\376\377\000G\000e\000n\000e\000r\000a\000z\000i\000o\000n\000e\000\040\000d\000i\000\040\000d\000i\000s\000t\000r\000i\000b\000u\000z\000i\000o\000n\000i\000\040\000n\000o\000n\000\040\000u\000n\000i\000f\000o\000r\000m\000i}{chapter.1}% 8
\BOOKMARK [2][-]{subsection.1.1.1}{\376\377\000D\000a\000l\000\040\000c\000a\000s\000o\000\040\000u\000n\000i\000f\000o\000r\000m\000e\000\040\000a\000\040\000u\000n\000a\000\040\000d\000i\000s\000t\000r\000i\000b\000u\000z\000i\000o\000n\000e\000\040\000a\000r\000b\000i\000t\000r\000a\000r\000i\000a}{section.1.1}% 9
\BOOKMARK [2][-]{subsection.1.1.2}{\376\377\000M\000e\000t\000o\000d\000o\000\040\000d\000e\000l\000l\000a\000\040\000f\000u\000n\000z\000i\000o\000n\000e\000\040\000c\000u\000m\000u\000l\000a\000t\000i\000v\000a\000\040\000i\000n\000v\000e\000r\000s\000a}{section.1.1}% 10
\BOOKMARK [2][-]{subsection.1.1.3}{\376\377\000T\000r\000a\000s\000f\000o\000r\000m\000a\000z\000i\000o\000n\000i\000\040\000i\000n\000\040\000p\000i\000\371\000\040\000d\000i\000m\000e\000n\000s\000i\000o\000n\000i}{section.1.1}% 11
\BOOKMARK [2][-]{subsection.1.1.4}{\376\377\000G\000e\000n\000e\000r\000a\000z\000i\000o\000n\000e\000\040\000d\000i\000\040\000d\000i\000s\000t\000r\000i\000b\000u\000z\000i\000o\000n\000i\000\040\000g\000a\000u\000s\000s\000i\000a\000n\000e\000:\000\040\000m\000e\000t\000o\000d\000o\000\040\000d\000i\000\040\000B\000o\000x\000-\000M\000u\000l\000l\000e\000r}{section.1.1}% 12
\BOOKMARK [2][-]{subsection.1.1.5}{\376\377\000O\000s\000s\000e\000r\000v\000a\000z\000i\000o\000n\000e\000\040\000c\000o\000n\000c\000l\000u\000s\000i\000v\000a\000\040\000s\000u\000\040\000q\000u\000e\000s\000t\000a\000\040\000p\000a\000r\000t\000e}{section.1.1}% 13
\BOOKMARK [2][-]{subsection.1.1.6}{\376\377\000R\000e\000j\000e\000c\000t\000i\000o\000n\000\040\000m\000e\000t\000h\000o\000d}{section.1.1}% 14
\BOOKMARK [2][-]{subsection.1.1.7}{\376\377\000M\000e\000t\000o\000d\000o\000\040\000d\000e\000l\000\040\000r\000i\000f\000i\000u\000t\000o\000\040\000p\000e\000r\000\040\000l\000a\000\040\000d\000i\000s\000t\000r\000i\000b\000u\000z\000i\000o\000n\000e\000\040\000G\000a\000m\000m\000a}{section.1.1}% 15
\BOOKMARK [1][-]{section.1.2}{\376\377\000I\000n\000t\000e\000g\000r\000a\000z\000i\000o\000n\000e\000\040\000M\000o\000n\000t\000e\000\040\000C\000a\000r\000l\000o}{chapter.1}% 16
\BOOKMARK [0][-]{chapter.2}{\376\377\000R\000i\000c\000e\000r\000c\000a\000\040\000d\000e\000g\000l\000i\000\040\000z\000e\000r\000i\000\040\000d\000i\000\040\000u\000n\000a\000\040\000f\000u\000n\000z\000i\000o\000n\000e}{}% 17
\BOOKMARK [1][-]{section.2.1}{\376\377\000I\000n\000t\000r\000o\000d\000u\000z\000i\000o\000n\000e}{chapter.2}% 18
\BOOKMARK [1][-]{section.2.2}{\376\377\000M\000e\000t\000o\000d\000o\000\040\000d\000i\000\040\000b\000i\000s\000e\000z\000i\000o\000n\000e}{chapter.2}% 19
\BOOKMARK [2][-]{subsection.2.2.1}{\376\377\000O\000s\000s\000e\000r\000v\000a\000z\000i\000o\000n\000i\000\040\000s\000u\000l\000\040\000m\000e\000t\000o\000d\000o\000\040\000d\000i\000\040\000b\000i\000s\000e\000z\000i\000o\000n\000e}{section.2.2}% 20
\BOOKMARK [1][-]{section.2.3}{\376\377\000M\000e\000t\000o\000d\000o\000\040\000d\000i\000\040\000N\000e\000w\000t\000o\000n\000-\000R\000a\000p\000h\000s\000o\000n}{chapter.2}% 21
\BOOKMARK [2][-]{subsection.2.3.1}{\376\377\000A\000n\000a\000l\000i\000s\000i\000\040\000d\000e\000l\000l\000'\000e\000r\000r\000o\000r\000e}{section.2.3}% 22
\BOOKMARK [2][-]{subsection.2.3.2}{\376\377\000O\000s\000s\000e\000r\000v\000a\000z\000i\000o\000n\000i\000\040\000s\000u\000l\000\040\000m\000e\000t\000o\000d\000o\000\040\000d\000i\000\040\000N\000e\000w\000t\000o\000n}{section.2.3}% 23
\BOOKMARK [1][-]{section.2.4}{\376\377\000M\000e\000t\000o\000d\000i\000\040\000p\000e\000r\000\040\000p\000o\000l\000i\000n\000o\000m\000i}{chapter.2}% 24
\BOOKMARK [1][-]{section.2.5}{\376\377\000G\000e\000n\000e\000r\000a\000l\000i\000z\000z\000a\000z\000i\000o\000n\000e\000\040\000a\000\040\000p\000i\000\371\000\040\000d\000i\000m\000e\000n\000s\000i\000o\000n\000i}{chapter.2}% 25
\BOOKMARK [1][-]{section.2.6}{\376\377\000C\000o\000n\000c\000l\000u\000s\000i\000o\000n\000i}{chapter.2}% 26
\BOOKMARK [0][-]{chapter.3}{\376\377\000A\000n\000a\000l\000i\000s\000i\000\040\000n\000u\000m\000e\000r\000i\000c\000a\000\040\000n\000e\000l\000l\000'\000i\000n\000t\000e\000g\000r\000a\000z\000i\000o\000n\000e}{}% 27
\BOOKMARK [1][-]{section.3.1}{\376\377\000I\000n\000t\000r\000o\000d\000u\000z\000i\000o\000n\000e}{chapter.3}% 28
\BOOKMARK [2][-]{subsection.3.1.1}{\376\377\000F\000o\000r\000m\000u\000l\000e\000\040\000d\000i\000\040\000N\000e\000w\000t\000o\000n\040\023\000C\000o\000t\000e\000s\000\040\000s\000u\000\040\000i\000n\000t\000e\000r\000v\000a\000l\000l\000o\000\040\000s\000i\000n\000g\000o\000l\000o}{section.3.1}% 29
\BOOKMARK [2][-]{subsection.3.1.2}{\376\377\000A\000l\000c\000u\000n\000e\000\040\000f\000o\000r\000m\000u\000l\000e\000\040\000l\000o\000c\000a\000l\000i}{section.3.1}% 30
\BOOKMARK [2][-]{subsection.3.1.3}{\376\377\000I\000n\000t\000e\000r\000v\000a\000l\000l\000i\000\040\000e\000s\000t\000e\000s\000i}{section.3.1}% 31
\BOOKMARK [2][-]{subsection.3.1.4}{\376\377\000V\000a\000l\000u\000t\000a\000z\000i\000o\000n\000e\000\040\000d\000e\000l\000l\040\031\000e\000r\000r\000o\000r\000e\000\040\000e\000\040\000f\000o\000r\000m\000u\000l\000a\000\040\000e\000s\000a\000t\000t\000a\000\040\000d\000e\000i\000\040\000t\000r\000a\000p\000e\000z\000i}{section.3.1}% 32
\BOOKMARK [2][-]{subsection.3.1.5}{\376\377\000I\000n\000t\000e\000g\000r\000a\000z\000i\000o\000n\000e\000\040\000d\000i\000\040\000R\000o\000m\000b\000e\000r\000g}{section.3.1}% 33
\BOOKMARK [2][-]{subsection.3.1.6}{\376\377\000Q\000u\000a\000d\000r\000a\000t\000u\000r\000e\000\040\000G\000a\000u\000s\000s\000i\000a\000n\000e}{section.3.1}% 34
\BOOKMARK [2][-]{subsection.3.1.7}{\376\377\000I\000n\000t\000e\000g\000r\000a\000l\000i\000\040\000i\000m\000p\000r\000o\000p\000r\000i}{section.3.1}% 35
\BOOKMARK [0][-]{chapter.4}{\376\377\000I\000n\000t\000e\000g\000r\000a\000z\000i\000o\000n\000e\000\040\000n\000u\000m\000e\000r\000i\000c\000a\000\040\000d\000e\000l\000l\000e\000\040\000E\000q\000u\000a\000z\000i\000o\000n\000i\000\040\000D\000i\000f\000f\000e\000r\000e\000n\000z\000i\000a\000l\000i\000\040\000O\000r\000d\000i\000n\000a\000r\000i\000e\000\040\000\050\000O\000D\000E\000\051}{}% 36
\BOOKMARK [1][-]{subsection.4.0.1}{\376\377\000M\000e\000t\000o\000d\000i\000\040\000m\000u\000l\000t\000i\000-\000s\000t\000e\000p}{chapter.4}% 37
\BOOKMARK [2][-]{subsection.4.0.2}{\376\377\000M\000e\000t\000o\000d\000i\000\040\000o\000n\000e\000-\000s\000t\000e\000p}{subsection.4.0.1}% 38
\BOOKMARK [2][-]{subsection.4.0.3}{\376\377\000E\000q\000u\000a\000z\000i\000o\000n\000i\000\040\000s\000t\000i\000f\000f}{subsection.4.0.1}% 39
\BOOKMARK [2][-]{subsection.4.0.4}{\376\377\000B\000o\000u\000n\000d\000a\000r\000y\000\040\000V\000a\000l\000u\000e\000\040\000P\000r\000o\000b\000l\000e\000m\000s\000\040\000\050\000B\000V\000P\000\051}{subsection.4.0.1}% 40
\BOOKMARK [0][-]{chapter.5}{\376\377\000I\000n\000t\000e\000g\000r\000a\000z\000i\000o\000n\000e\000\040\000n\000u\000m\000e\000r\000i\000c\000a\000\040\000d\000i\000\040\000e\000q\000u\000a\000z\000i\000o\000n\000i\000\040\000d\000i\000f\000f\000e\000r\000e\000n\000z\000i\000a\000l\000i\000\040\000a\000l\000l\000e\000\040\000d\000e\000r\000i\000v\000a\000t\000e\000\040\000p\000a\000r\000z\000i\000a\000l\000i\000\040\000\050\000P\000D\000E\000s\000\051}{}% 41
\BOOKMARK [1][-]{section.5.1}{\376\377\000I\000n\000t\000r\000o\000d\000u\000z\000i\000o\000n\000e}{chapter.5}% 42
\BOOKMARK [2][-]{subsection.5.1.1}{\376\377\000D\000i\000f\000f\000e\000r\000e\000n\000z\000e\000\040\000f\000i\000n\000i\000t\000e}{section.5.1}% 43
\BOOKMARK [2][-]{subsection.5.1.2}{\376\377\000F\000l\000u\000x\000-\000c\000o\000n\000s\000e\000r\000v\000a\000t\000i\000v\000e\000\040\000P\000D\000E\000s}{section.5.1}% 44
\BOOKMARK [2][-]{subsection.5.1.3}{\376\377\000U\000n\000a\000\040\000s\000o\000l\000u\000z\000i\000o\000n\000e\000\040\000p\000r\000a\000t\000i\000c\000a}{section.5.1}% 45
\BOOKMARK [0][-]{appendix.Alph1}{\376\377\000M\000e\000t\000o\000d\000o\000\040\000d\000e\000l\000l\000e\000\040\000d\000i\000f\000f\000e\000r\000e\000n\000z\000e\000\040\000f\000i\000n\000i\000t\000e}{}% 46
\BOOKMARK [0][-]{appendix.Alph2}{\376\377\000A\000l\000g\000o\000r\000i\000t\000m\000o\000\040\000d\000i\000\040\000T\000h\000o\000m\000a\000s}{}% 47
\BOOKMARK [0][-]{appendix.Alph3}{\376\377\000M\000e\000t\000o\000d\000o\000\040\000d\000i\000\040\000J\000a\000c\000o\000b\000i}{}% 48
\BOOKMARK [1][-]{subsection.Alph3.0.1}{\376\377\000E\000r\000r\000o\000r\000e}{appendix.Alph3}% 49
\BOOKMARK [0][-]{appendix.Alph4}{\376\377\000G\000a\000u\000s\000s\000-\000S\000i\000e\000d\000e\000l\000,\000\040\000S\000O\000R\000\040\000\046\000\040\000L\000O\000R}{}% 50
\BOOKMARK [0][-]{appendix.Alph5}{\376\377\000A\000l\000t\000e\000r\000n\000a\000t\000e\000\040\000d\000i\000r\000e\000c\000t\000i\000o\000n\000\040\000i\000m\000p\000l\000i\000c\000i\000t}{}% 51
\BOOKMARK [0][-]{appendix.Alph6}{\376\377\000M\000e\000t\000o\000d\000i\000\040\000d\000e\000l\000\040\000g\000r\000a\000d\000i\000e\000n\000t\000e}{}% 52
